THE DPATH IS /raid60/scratch/leo/scratch/era5/odbs/
Analysing the databases stored in  /raid60/scratch/leo/scratch/era5/odbs/
/opt/anaconda3/lib/python3.7/site-packages/pandas/core/indexing.py:1637: SettingWithCopyWarning: 
A value is trying to be set on a copy of a slice from a DataFrame

See the caveats in the documentation: https://pandas.pydata.org/pandas-docs/stable/user_guide/indexing.html#returning-a-view-versus-a-copy
  self._setitem_single_block(indexer, value, name)
build_311c_Inventories.py:1451: SettingWithCopyWarning: 
A value is trying to be set on a copy of a slice from a DataFrame

See the caveats in the documentation: https://pandas.pydata.org/pandas-docs/stable/user_guide/indexing.html#returning-a-view-versus-a-copy
  wbaninv['Longitude'][:]=wblon[:]
build_311c_Inventories.py:1452: SettingWithCopyWarning: 
A value is trying to be set on a copy of a slice from a DataFrame

See the caveats in the documentation: https://pandas.pydata.org/pandas-docs/stable/user_guide/indexing.html#returning-a-view-versus-a-copy
  wbaninv['Latitude'][:]=wblat[:]
build_311c_Inventories.py:1453: SettingWithCopyWarning: 
A value is trying to be set on a copy of a slice from a DataFrame

See the caveats in the documentation: https://pandas.pydata.org/pandas-docs/stable/user_guide/indexing.html#returning-a-view-versus-a-copy
  wbaninv['Elev'][:]=wbaninv['Elev'][:]*0.3048
build_311c_Inventories.py:1454: SettingWithCopyWarning: 
A value is trying to be set on a copy of a slice from a DataFrame

See the caveats in the documentation: https://pandas.pydata.org/pandas-docs/stable/user_guide/indexing.html#returning-a-view-versus-a-copy
  wbaninv['Elev'][wbaninv['Elev']==-99999.0*0.3048]=numpy.nan
running  4703   files
written stat_conf file
running  7944   files
written stat_conf file
