[2015-01-14 18:26:04] START
[2015-01-14 18:31:13] CREATE default/first.html: 0
[2015-01-14 18:31:30] EDIT testajax/views/default/first.html: 2
[2015-01-14 18:32:17] CREATE default/second.html: 0
[2015-01-14 18:32:30] EDIT testajax/views/default/second.html: -2
[2015-01-14 18:33:35] EDIT testajax/controllers/default.py: 4
[2015-01-14 19:22:42] EDIT testajax/views/default/first.html: 1
[2015-01-14 19:23:16] EDIT testajax/views/default/first.html: 0
[2015-01-14 19:26:11] EDIT testajax/views/default/first.html: 0
[2015-01-14 19:26:51] EDIT testajax/views/default/first.html: 0
[2015-01-14 19:28:09] EDIT testajax/views/default/first.html: 0
[2015-01-14 19:43:15] EDIT testajax/controllers/default.py: 1
[2015-01-14 19:44:31] EDIT testajax/controllers/default.py: 0
[2015-01-14 19:45:41] EDIT testajax/views/default/first.html: 2
[2015-01-14 19:47:36] EDIT testajax/views/default/first.html: 0
[2015-01-14 19:50:22] DELETE testajax/views/default/second.html: -1
[2015-01-14 19:52:25] EDIT testajax/controllers/default.py: -1
[2015-01-14 19:53:52] EDIT testajax/views/default/first.html: 1
[2015-01-14 19:55:28] EDIT testajax/views/default/first.html: -1
[2015-01-14 19:57:42] EDIT testajax/views/default/first.html: 0
[2015-01-14 20:43:31] EDIT testajax/views/default/first.html: 4
[2015-01-14 20:44:30] EDIT testajax/views/default/first.html: 0
[2015-01-14 20:45:00] EDIT testajax/views/default/first.html: 0
[2015-01-14 20:45:28] EDIT testajax/views/default/first.html: 0
[2015-01-14 20:46:21] EDIT testajax/views/default/first.html: 0
[2015-01-14 20:46:54] EDIT testajax/views/default/first.html: 0
[2015-01-14 20:47:09] EDIT testajax/views/default/first.html: 0
[2015-01-14 20:47:21] EDIT testajax/views/default/first.html: 0
[2015-01-14 20:48:27] EDIT testajax/views/default/first.html: 0
[2015-01-14 20:49:12] EDIT testajax/views/default/first.html: -1
[2015-01-14 20:51:00] EDIT testajax/views/default/first.html: 1
[2015-01-14 20:53:31] EDIT testajax/views/layout.html: -133
[2015-01-14 20:54:39] EDIT testajax/views/layout.html: -6
[2015-01-14 20:56:50] EDIT testajax/views/layout.html: -8
[2015-01-14 20:57:11] EDIT testajax/views/layout.html: -1
[2015-01-14 20:58:06] EDIT testajax/views/default/first.html: 0
[2015-01-14 20:58:43] EDIT testajax/views/layout.html: 1
[2015-01-14 20:59:30] EDIT testajax/views/layout.html: -6
[2015-01-14 21:00:53] EDIT testajax/views/default/first.html: 0
[2015-01-14 21:01:12] EDIT testajax/views/default/first.html: 0
[2015-01-14 21:01:43] EDIT testajax/views/default/first.html: 0
[2015-01-14 21:03:06] EDIT testajax/views/layout.html: 153
[2015-01-14 21:04:07] EDIT testajax/views/layout.html: -13
[2015-01-14 21:04:39] EDIT testajax/views/layout.html: -13
[2015-01-14 21:05:12] EDIT testajax/views/layout.html: -23
[2015-01-14 21:06:19] EDIT testajax/views/layout.html: 11
[2015-01-14 21:06:47] EDIT testajax/views/layout.html: -22
[2015-01-14 21:12:08] EDIT testajax/views/default/first.html: 0
[2015-01-14 21:15:17] EDIT testajax/views/default/first.html: 0
[2015-01-14 21:16:05] EDIT testajax/views/default/first.html: 0
[2015-01-14 21:25:08] EDIT testajax/views/default/first.html: 0
[2015-01-14 21:28:43] EDIT testajax/views/default/first.html: 0
[2015-01-14 21:29:32] EDIT testajax/views/default/first.html: 0
[2015-01-14 21:32:54] EDIT testajax/views/default/first.html: 0
[2015-01-14 21:34:02] EDIT testajax/views/default/first.html: 0
[2015-01-14 21:34:33] EDIT testajax/views/default/first.html: 0
[2015-01-14 21:40:09] EDIT testajax/views/default/first.html: 0
[2015-01-14 21:40:41] EDIT testajax/views/default/first.html: 0
[2015-01-14 21:50:57] EDIT testajax/views/default/first.html: 3
[2015-01-14 21:54:30] EDIT testajax/views/default/first.html: 0
[2015-01-14 21:54:47] EDIT testajax/views/default/first.html: 0
[2015-01-14 21:55:15] EDIT testajax/views/default/first.html: 0
[2015-01-14 21:56:15] EDIT testajax/views/default/first.html: 1
[2015-01-14 21:57:01] EDIT testajax/views/default/first.html: 0
[2015-01-14 21:58:49] EDIT testajax/views/default/first.html: -1
[2015-01-14 21:59:16] EDIT testajax/views/default/first.html: 0
[2015-01-14 21:59:51] EDIT testajax/views/default/first.html: 0
[2015-01-14 22:00:17] EDIT testajax/views/default/first.html: 0
[2015-01-14 22:00:23] EDIT testajax/views/default/first.html: 0
[2015-01-14 22:00:53] EDIT testajax/views/default/first.html: 0
[2015-01-14 22:01:08] EDIT testajax/views/default/first.html: 0
[2015-01-14 22:01:21] EDIT testajax/views/default/first.html: 0
[2015-01-15 07:14:19] EDIT testajax/views/default/first.html: 1
[2015-01-15 07:15:20] EDIT testajax/views/default/first.html: 0
[2015-01-15 07:20:42] EDIT testajax/views/default/first.html: 1
[2015-01-15 07:34:23] EDIT testajax/views/default/first.html: 0
[2015-01-15 07:34:51] EDIT testajax/views/default/first.html: 0
[2015-01-15 07:36:39] EDIT testajax/views/default/first.html: 0
[2015-01-15 07:39:35] EDIT testajax/views/default/first.html: 0
[2015-01-15 07:40:07] EDIT testajax/views/default/first.html: 0
[2015-01-15 07:40:54] EDIT testajax/views/default/first.html: 0
[2015-01-15 07:43:23] EDIT testajax/views/default/first.html: 0
[2015-01-15 07:43:47] EDIT testajax/views/default/first.html: 0
[2015-01-15 07:44:51] EDIT testajax/views/default/first.html: 0
[2015-01-15 07:45:13] EDIT testajax/views/default/first.html: 0
[2015-01-15 07:45:30] EDIT testajax/views/default/first.html: 0
[2015-01-15 07:46:05] EDIT testajax/views/default/first.html: 0
[2015-01-15 07:46:46] EDIT testajax/views/default/first.html: 0
[2015-01-15 07:47:55] EDIT testajax/views/default/first.html: 1
[2015-01-15 07:48:13] EDIT testajax/views/default/first.html: 0
[2015-01-15 07:51:13] EDIT testajax/views/default/first.html: 0
[2015-01-15 07:51:58] EDIT testajax/controllers/default.py: 0
[2015-01-15 07:52:45] EDIT testajax/controllers/default.py: 0
[2015-01-15 07:54:43] EDIT testajax/views/default/first.html: 0
[2015-01-15 07:57:42] EDIT testajax/views/default/first.html: 1
[2015-01-15 07:58:11] EDIT testajax/views/default/first.html: 0
[2015-01-15 08:01:02] EDIT testajax/views/default/first.html: 0
[2015-01-15 08:11:54] EDIT testajax/views/default/first.html: 2
[2015-01-15 08:12:33] EDIT testajax/views/default/first.html: 0
[2015-01-15 08:13:40] EDIT testajax/views/default/first.html: -1
[2015-01-15 08:15:15] EDIT testajax/views/default/first.html: 0
[2015-01-15 08:15:41] EDIT testajax/controllers/default.py: 0
[2015-01-15 08:16:54] EDIT testajax/controllers/default.py: 0
[2015-01-15 08:17:33] EDIT testajax/controllers/default.py: 0
[2015-01-15 08:19:11] EDIT testajax/controllers/default.py: 2
[2015-01-15 08:19:32] EDIT testajax/views/default/first.html: 0
[2015-01-15 08:22:15] EDIT testajax/controllers/default.py: 1
[2015-01-15 08:27:25] EDIT testajax/controllers/default.py: 4
[2015-01-15 08:28:27] EDIT testajax/controllers/default.py: 1
[2015-01-15 08:29:04] EDIT testajax/controllers/default.py: -4
[2015-01-15 08:29:22] EDIT testajax/controllers/default.py: 1
[2015-01-15 08:29:33] EDIT testajax/controllers/default.py: 0
[2015-01-15 08:29:48] EDIT testajax/controllers/default.py: 1
[2015-01-15 08:30:06] EDIT testajax/controllers/default.py: 1
[2015-01-15 08:31:07] EDIT testajax/controllers/default.py: 0
[2015-01-15 08:31:31] EDIT testajax/controllers/default.py: 1
[2015-01-15 08:32:42] EDIT testajax/controllers/default.py: 0
[2015-01-15 08:32:48] EDIT testajax/controllers/default.py: 0
[2015-01-15 08:33:34] EDIT testajax/controllers/default.py: 0
[2015-01-15 08:40:32] EDIT testajax/views/default/first.html: 0
[2015-01-15 08:44:36] EDIT testajax/views/default/first.html: 0
[2015-01-15 08:45:30] EDIT testajax/views/default/first.html: 0
[2015-01-15 08:46:10] EDIT testajax/views/default/first.html: 0
[2015-01-15 08:47:08] EDIT testajax/views/default/first.html: 0
[2015-01-15 08:51:23] EDIT testajax/views/default/first.html: 0
[2015-01-15 08:52:10] EDIT testajax/controllers/default.py: 0
[2015-01-15 08:52:19] EDIT testajax/views/default/first.html: 0
[2015-01-15 08:53:20] EDIT testajax/views/default/first.html: 0
[2015-01-15 08:54:23] EDIT testajax/controllers/default.py: 0
[2015-01-15 08:54:45] EDIT testajax/views/default/first.html: 0
[2015-01-15 08:58:37] EDIT testajax/controllers/default.py: 0
[2015-01-15 08:59:17] EDIT testajax/controllers/default.py: 0
[2015-01-15 09:00:11] EDIT testajax/controllers/default.py: 0
[2015-01-15 09:03:02] EDIT testajax/views/default/first.html: 2
[2015-01-15 09:03:44] EDIT testajax/views/default/first.html: 0
[2015-01-15 09:04:09] EDIT testajax/views/default/first.html: 1
[2015-01-15 09:04:20] EDIT testajax/views/default/first.html: 0
[2015-01-15 09:04:58] EDIT testajax/views/default/first.html: 0
[2015-01-15 09:05:08] EDIT testajax/views/default/first.html: 0
[2015-01-15 09:05:48] EDIT testajax/views/default/first.html: 0
[2015-01-15 09:06:25] EDIT testajax/views/default/first.html: 0
[2015-01-15 09:06:35] EDIT testajax/views/default/first.html: 0
[2015-01-15 09:06:52] EDIT testajax/views/default/first.html: 0
[2015-01-15 09:08:13] EDIT testajax/views/default/first.html: 0
[2015-01-15 09:08:34] EDIT testajax/views/default/first.html: 0
[2015-01-15 09:09:11] EDIT testajax/views/default/first.html: 0
[2015-01-15 09:09:46] EDIT testajax/views/default/first.html: 0
[2015-01-15 09:10:16] EDIT testajax/views/default/first.html: 0
[2015-01-15 09:10:42] EDIT testajax/views/default/first.html: 0
[2015-01-15 09:11:07] EDIT testajax/controllers/default.py: 0
[2015-01-15 09:12:15] EDIT testajax/controllers/default.py: 2
[2015-01-15 09:12:56] EDIT testajax/controllers/default.py: 0
[2015-01-15 09:13:43] EDIT testajax/controllers/default.py: 0
[2015-01-15 09:17:56] EDIT testajax/controllers/default.py: 5
[2015-01-15 09:18:07] EDIT testajax/controllers/default.py: 0
[2015-01-15 09:18:36] EDIT testajax/controllers/default.py: 1
[2015-01-15 09:19:18] EDIT testajax/controllers/default.py: -1
[2015-01-15 09:21:22] EDIT testajax/controllers/default.py: 1
[2015-01-15 09:21:38] EDIT testajax/controllers/default.py: 0
[2015-01-15 09:21:42] EDIT testajax/controllers/default.py: 0
[2015-01-15 09:22:12] EDIT testajax/controllers/default.py: 1
[2015-01-15 09:25:21] EDIT testajax/controllers/default.py: 0
[2015-01-15 09:26:49] EDIT testajax/controllers/default.py: -1
[2015-01-15 09:27:42] EDIT testajax/views/default/first.html: 0
[2015-01-15 09:29:39] EDIT testajax/controllers/default.py: 0
[2015-01-15 09:30:13] EDIT testajax/views/default/first.html: 0
[2015-01-15 09:31:00] EDIT testajax/views/default/first.html: 0
[2015-01-15 09:32:19] EDIT testajax/controllers/default.py: 1
[2015-01-15 09:33:01] EDIT testajax/controllers/default.py: 0
[2015-01-15 09:34:18] EDIT testajax/controllers/default.py: -2
[2015-01-15 09:34:46] EDIT testajax/controllers/default.py: 0
[2015-01-15 09:35:38] EDIT testajax/controllers/default.py: -1
[2015-01-15 09:36:29] EDIT testajax/controllers/default.py: 0
[2015-01-15 09:37:16] EDIT testajax/controllers/default.py: 0
[2015-01-15 09:39:40] EDIT testajax/controllers/default.py: 1
[2015-01-15 09:40:44] EDIT testajax/controllers/default.py: 0
[2015-01-15 09:41:24] EDIT testajax/controllers/default.py: 2
[2015-01-15 09:42:00] EDIT testajax/controllers/default.py: 1
[2015-01-15 10:00:09] EDIT testajax/controllers/default.py: -2
[2015-01-15 10:01:30] EDIT testajax/controllers/default.py: 0
[2015-01-15 10:03:35] EDIT testajax/controllers/default.py: 0
[2015-01-15 10:08:26] EDIT testajax/views/default/first.html: 1
[2015-01-15 10:12:38] EDIT testajax/controllers/default.py: 2
[2015-01-15 10:28:49] EDIT testajax/controllers/default.py: -2
[2015-01-15 10:37:29] EDIT testajax/controllers/default.py: 0
[2015-01-15 11:26:20] EDIT testajax/controllers/default.py: 1
[2015-01-15 11:27:01] EDIT testajax/controllers/default.py: -1
[2015-01-15 11:27:57] EDIT testajax/controllers/default.py: 2
[2015-01-15 11:28:54] EDIT testajax/controllers/default.py: 0
[2015-01-16 08:21:15] EDIT testajax/views/default/first.html: -3
[2015-01-16 08:35:51] EDIT testajax/controllers/default.py: 0
[2015-01-16 08:38:23] EDIT testajax/controllers/default.py: 0
[2015-01-16 08:38:36] EDIT testajax/controllers/default.py: 0
[2015-01-16 08:39:18] EDIT testajax/controllers/default.py: 0
[2015-01-16 08:44:25] EDIT testajax/controllers/default.py: 1
[2015-01-16 08:45:21] EDIT testajax/controllers/default.py: 0
[2015-01-16 08:46:40] EDIT testajax/controllers/default.py: 0
[2015-01-16 08:48:01] EDIT testajax/controllers/default.py: 0
[2015-01-16 08:49:05] EDIT testajax/controllers/default.py: 0
[2015-01-16 08:49:39] EDIT testajax/controllers/default.py: 0
[2015-01-19 07:06:11] EDIT testajax/controllers/default.py: -1
[2015-01-19 12:53:31] EDIT testajax/views/default/first.html: 1
[2015-01-19 12:53:57] EDIT testajax/views/default/first.html: 0
