/mnt/users/scratch/leo/scratch/era5/odbs/1759/era5.1759.conv._6:100011.gz_good_0.9999278499278499_bad_7.215007215011227e-05
/mnt/users/scratch/leo/scratch/era5/odbs/1759/era5.1759.conv._6:100019.gz_good_0.99761346008512_bad_0.002386539914880026
/mnt/users/scratch/leo/scratch/era5/odbs/1759/era5.1759.conv._6:100050.gz_good_0.9935052248305261_bad_0.006494775169473943
/mnt/users/scratch/leo/scratch/era5/odbs/1761/era5.1761.conv._2:25302.gz_good_0.9998891549170879_bad_0.00011084508291214767
/mnt/users/scratch/leo/scratch/era5/odbs/1761/era5.1761.conv._2:13922.gz_good_0.9919112285818447_bad_0.008088771418155338
/mnt/users/scratch/leo/scratch/era5/odbs/1761/era5.1761.conv._2:11807.gz_good_0.999915679471407_bad_8.432052859297379e-05
/mnt/users/scratch/leo/scratch/era5/odbs/1761/era5.1761.conv._2:45702.gz_good_0.992881398566218_bad_0.007118601433781957
/mnt/users/scratch/leo/scratch/era5/odbs/1761/era5.1761.conv._2:24101.gz_good_0.9949363491755433_bad_0.0050636508244567
/mnt/users/scratch/leo/scratch/era5/odbs/1759/era5.1759.conv._1:61696.gz_good_0.998186215235792_bad_0.0018137847642080152
/mnt/users/scratch/leo/scratch/era5/odbs/1759/era5.1759.conv._1:89022.gz_good_0.9968024679267457_bad_0.00319753207325435
/scratch/das/federico/databases_service2/UADB_25012022//uadb_trhc_54836.txt_good_0.9934895833333334_bad_0.00651041666666663
/scratch/das/federico/databases_service2/UADB_25012022//uadb_windc_89022.txt_good_0.9998873372946576_bad_0.00011266270534238121
/scratch/das/federico/databases_service2/UADB_25012022//uadb_trhc_25400.txt_good_0.9999859123430767_bad_1.4087656923345016e-05
/scratch/das/federico/databases_service2/UADB_25012022//uadb_windc_47118.txt_good_0.9991681078832724_bad_0.0008318921167276283
/scratch/das/federico/databases_service2/UADB_25012022//uadb_windc_25400.txt_good_0.9999862008534772_bad_1.3799146522774919e-05
/scratch/das/federico/databases_service2/UADB_25012022//uadb_trhc_25400.txt_good_0.9999859123430767_bad_1.4087656923345016e-05
/scratch/das/federico/databases_service2/UADB_25012022//uadb_windc_25400.txt_good_0.9999862008534772_bad_1.3799146522774919e-05
/mnt/users/scratch/leo/scratch/era5/odbs/1/era5.conv.??????.91948.txt.gz_good_0.9941781097399401_bad_0.005821890260059859
/mnt/users/scratch/leo/scratch/era5/odbs/1/era5.conv.??????.71603.txt.gz_good_0.9977821255456715_bad_0.002217874454328528
/mnt/users/scratch/leo/scratch/era5/odbs/1/era5.conv.??????.73033.txt.gz_good_0.9995963094017761_bad_0.00040369059822387143
/mnt/users/scratch/leo/scratch/era5/odbs/1/era5.conv.??????.94302.txt.gz_good_0.9991056847907103_bad_0.0008943152092897311
/mnt/users/scratch/leo/scratch/era5/odbs/1/era5.conv.??????.94312.txt.gz_good_0.9926908175143769_bad_0.007309182485623067
/mnt/users/scratch/leo/scratch/era5/odbs/1/era5.conv.??????.88889.txt.gz_good_0.9997618166858879_bad_0.0002381833141120726
/mnt/users/scratch/leo/scratch/era5/odbs/1/era5.conv.??????.41114.txt.gz_good_0.9999190757342191_bad_8.092426578087952e-05
/mnt/users/scratch/leo/scratch/era5/odbs/1/era5.conv.??????.68588.txt.gz_good_0.9999548638070709_bad_4.51361929291183e-05
/mnt/users/scratch/leo/scratch/era5/odbs/1/era5.conv.??????.63478.txt.gz_good_0.9949298879431756_bad_0.005070112056824394
/mnt/users/scratch/leo/scratch/era5/odbs/1/era5.conv.??????.47104.txt.gz_good_0.9999973034835042_bad_2.6965164957593046e-06
/mnt/users/scratch/leo/scratch/era5/odbs/1/era5.conv.??????.08001.txt.gz_good_0.9990342014161239_bad_0.0009657985838761318
/mnt/users/scratch/leo/scratch/era5/odbs/1/era5.conv.??????.68842.txt.gz_good_0.9914979973329647_bad_0.008502002667035269
/mnt/users/scratch/leo/scratch/era5/odbs/1/era5.conv.??????.42492.txt.gz_good_0.9999597516445154_bad_4.024835548455119e-05
/mnt/users/scratch/leo/scratch/era5/odbs/1/era5.conv.??????.40582.txt.gz_good_0.999990685153532_bad_9.314846468044813e-06
/mnt/users/scratch/leo/scratch/era5/odbs/1/era5.conv.??????.41859.txt.gz_good_0.9997669911138883_bad_0.00023300888611166304
/mnt/users/scratch/leo/scratch/era5/odbs/1759/era5.1759.conv._1:61696.gz_good_0.998186215235792_bad_0.0018137847642080152
/mnt/users/scratch/leo/scratch/era5/odbs/1/era5.conv.??????.41923.txt.gz_good_0.9999192136724424_bad_8.078632755759152e-05
/scratch/das/federico/databases_service2/UADB_25012022//uadb_trhc_25400.txt_good_0.9999859123430767_bad_1.4087656923345016e-05
/scratch/das/federico/databases_service2/UADB_25012022//uadb_windc_25400.txt_good_0.9999862008534772_bad_1.3799146522774919e-05
/mnt/users/scratch/leo/scratch/era5/odbs/1/era5.conv.??????.70273.txt.gz_good_0.9999882315680666_bad_1.1768431933401047e-05
/mnt/users/scratch/leo/scratch/era5/odbs/1/era5.conv.??????.94996.txt.gz_good_0.9999994373778387_bad_5.626221613042048e-07
/mnt/users/scratch/leo/scratch/era5/odbs/1/era5.conv.??????.96163.txt.gz_good_0.9997673416097568_bad_0.00023265839024322332
/mnt/users/scratch/leo/scratch/era5/odbs/1/era5.conv.??????.96179.txt.gz_good_0.9999658878289479_bad_3.4112171052091966e-05
/mnt/users/scratch/leo/scratch/era5/odbs/1/era5.conv.??????.96845.txt.gz_good_0.9962116189646355_bad_0.0037883810353644964
/mnt/users/scratch/leo/scratch/era5/odbs/1/era5.conv.??????.97072.txt.gz_good_0.9995736497823532_bad_0.00042635021764680925
/mnt/users/scratch/leo/scratch/era5/odbs/1/era5.conv.??????.98328.txt.gz_good_0.9982809534915977_bad_0.0017190465084022666
/mnt/users/scratch/leo/scratch/era5/odbs/1/era5.conv.??????.71816.txt.gz_good_0.9999848674454987_bad_1.5132554501251505e-05
/mnt/users/scratch/leo/scratch/era5/odbs/1/era5.conv.??????.71826.txt.gz_good_0.9986514642372619_bad_0.001348535762738079
/mnt/users/scratch/leo/scratch/era5/odbs/1/era5.conv.??????.48601.txt.gz_good_0.9999995226884097_bad_4.773115902523273e-07
/mnt/users/scratch/leo/scratch/era5/odbs/1/era5.conv.??????.71917.txt.gz_good_0.9967603148518129_bad_0.003239685148187066
/mnt/users/scratch/leo/scratch/era5/odbs/1/era5.conv.??????.52323.txt.gz_good_0.9995044275872196_bad_0.0004955724127804206
/mnt/users/scratch/leo/scratch/era5/odbs/1/era5.conv.??????.52818.txt.gz_good_0.999624686361251_bad_0.0003753136387489864
/mnt/users/scratch/leo/scratch/era5/odbs/1/era5.conv.??????.56964.txt.gz_good_0.9996272800728054_bad_0.0003727199271945647
/mnt/users/scratch/leo/scratch/era5/odbs/1/era5.conv.??????.57679.txt.gz_good_0.9994597210992702_bad_0.0005402789007298292
/mnt/users/scratch/leo/scratch/era5/odbs/1/era5.conv.??????.02527.txt.gz_good_0.9960878195271321_bad_0.003912180472867899
/mnt/users/scratch/leo/scratch/era5/odbs/1/era5.conv.??????.58367.txt.gz_good_0.9999907445286281_bad_9.25547137187177e-06
/mnt/users/scratch/leo/scratch/era5/odbs/1/era5.conv.??????.60680.txt.gz_good_0.9999996373037714_bad_3.6269622860629624e-07
/mnt/users/scratch/leo/scratch/era5/odbs/1/era5.conv.??????.60720.txt.gz_good_0.9999795095823438_bad_2.0490417656171545e-05
/mnt/users/scratch/leo/scratch/era5/odbs/1/era5.conv.??????.12425.txt.gz_good_0.9978411419438104_bad_0.0021588580561896498
/mnt/users/scratch/leo/scratch/era5/odbs/1/era5.conv.??????.61901.txt.gz_good_0.9955539139349185_bad_0.004446086065081456
/mnt/users/scratch/leo/scratch/era5/odbs/1/era5.conv.??????.63832.txt.gz_good_0.9988833669931555_bad_0.001116633006844503
/mnt/users/scratch/leo/scratch/era5/odbs/1/era5.conv.??????.13275.txt.gz_good_0.9984777489585198_bad_0.0015222510414801826
/mnt/users/scratch/leo/scratch/era5/odbs/1/era5.conv.??????.06610.txt.gz_good_0.9994781436718512_bad_0.0005218563281488287
/mnt/users/scratch/leo/scratch/era5/odbs/1/era5.conv.??????.17280.txt.gz_good_0.9999985959628941_bad_1.4040371059120815e-06
/mnt/users/scratch/leo/scratch/era5/odbs/1/era5.conv.??????.21647.txt.gz_good_0.9985448666127729_bad_0.0014551333872271366
/mnt/users/scratch/leo/scratch/era5/odbs/1/era5.conv.??????.17601.txt.gz_good_0.9999179156260192_bad_8.208437398082857e-05
/mnt/users/scratch/leo/scratch/era5/odbs/1/era5.conv.??????.51848.txt.gz_good_0.9986222549528558_bad_0.0013777450471441632
/mnt/users/scratch/leo/scratch/era5/odbs/1/era5.conv.??????.41744.txt.gz_good_0.9994411118148963_bad_0.0005588881851037453
/mnt/users/scratch/leo/scratch/era5/odbs/1/era5.conv.??????.42539.txt.gz_good_0.9999241044323012_bad_7.589556769882488e-05
/mnt/users/scratch/leo/scratch/era5/odbs/1/era5.conv.??????.47111.txt.gz_good_0.9984909515131113_bad_0.0015090484868887089
/mnt/users/scratch/leo/scratch/era5/odbs/1/era5.conv.??????.47131.txt.gz_good_0.9987024445943842_bad_0.0012975554056158245
/mnt/users/scratch/leo/scratch/era5/odbs/1/era5.conv.??????.62423.txt.gz_good_0.9923796913319176_bad_0.007620308668082387
/mnt/users/scratch/leo/scratch/era5/odbs/1/era5.conv.??????.63720.txt.gz_good_0.999440159243593_bad_0.0005598407564070262
/mnt/users/scratch/leo/scratch/era5/odbs/1/era5.conv.??????.41852.txt.gz_good_0.9955947136563876_bad_0.004405286343612369
/mnt/users/scratch/leo/scratch/era5/odbs/1/era5.conv.??????.28952.txt.gz_good_0.9994605647761344_bad_0.0005394352238655697
/mnt/users/scratch/leo/scratch/era5/odbs/1759/era5.1759.conv._1:61696.gz_good_0.998186215235792_bad_0.0018137847642080152
/mnt/users/scratch/leo/scratch/era5/odbs/1/era5.conv.??????.30309.txt.gz_good_0.9972669565294422_bad_0.0027330434705578055
/mnt/users/scratch/leo/scratch/era5/odbs/1/era5.conv.??????.34247.txt.gz_good_0.9999894547798993_bad_1.0545220100688368e-05
/mnt/users/scratch/leo/scratch/era5/odbs/1/era5.conv.??????.34880.txt.gz_good_0.9922068747009258_bad_0.007793125299074166
/mnt/users/scratch/leo/scratch/era5/odbs/1/era5.conv.??????.76458.txt.gz_good_0.999255590184252_bad_0.0007444098157479706
/mnt/users/scratch/leo/scratch/era5/odbs/1/era5.conv.??????.35394.txt.gz_good_0.9999636237459916_bad_3.637625400843003e-05
/mnt/users/scratch/leo/scratch/era5/odbs/1/era5.conv.??????.38353.txt.gz_good_0.9999078936296505_bad_9.210637034950953e-05
/mnt/users/scratch/leo/scratch/era5/odbs/1/era5.conv.??????.38507.txt.gz_good_0.9999950030240958_bad_4.996975904170142e-06
/mnt/users/scratch/leo/scratch/era5/odbs/1/era5.conv.??????.40100.txt.gz_good_0.9999940307416804_bad_5.9692583196380156e-06
/mnt/users/scratch/leo/scratch/era5/odbs/1/era5.conv.??????.40375.txt.gz_good_0.9999973429528936_bad_2.657047106446875e-06
/mnt/users/scratch/leo/scratch/era5/odbs/1/era5.conv.??????.82193.txt.gz_good_0.9999979613227036_bad_2.0386772964231525e-06
/mnt/users/scratch/leo/scratch/era5/odbs/1/era5.conv.??????.40564.txt.gz_good_0.9980516730199068_bad_0.0019483269800931735
/mnt/users/scratch/leo/scratch/era5/odbs/1/era5.conv.??????.40597.txt.gz_good_0.9997844864743711_bad_0.00021551352562887427
/mnt/users/scratch/leo/scratch/era5/odbs/1/era5.conv.??????.40642.txt.gz_good_0.9998044698199167_bad_0.00019553018008333645
/mnt/users/scratch/leo/scratch/era5/odbs/1/era5.conv.??????.41530.txt.gz_good_0.9999709770573638_bad_2.9022942636180993e-05
/mnt/users/scratch/leo/scratch/era5/odbs/1/era5.conv.??????.41571.txt.gz_good_0.9999731302698258_bad_2.6869730174183815e-05
/mnt/users/scratch/leo/scratch/era5/odbs/1/era5.conv.??????.41598.txt.gz_good_0.9999813410208328_bad_1.86589791671965e-05
/mnt/users/scratch/leo/scratch/era5/odbs/1/era5.conv.??????.41640.txt.gz_good_0.9999912974690429_bad_8.702530957083177e-06
/mnt/users/scratch/leo/scratch/era5/odbs/1/era5.conv.??????.41675.txt.gz_good_0.9999809607219694_bad_1.9039278030597018e-05
/mnt/users/scratch/leo/scratch/era5/odbs/1/era5.conv.??????.41768.txt.gz_good_0.9999709857307824_bad_2.9014269217642052e-05
/mnt/users/scratch/leo/scratch/era5/odbs/1/era5.conv.??????.41594.txt.gz_good_0.9999755970983323_bad_2.4402901667719412e-05
/mnt/users/scratch/leo/scratch/era5/odbs/1/era5.conv.??????.41858.txt.gz_good_0.9996667821821769_bad_0.0003332178178231393
/mnt/users/scratch/leo/scratch/era5/odbs/1/era5.conv.??????.41756.txt.gz_good_0.9997324868608638_bad_0.00026751313913619956
/mnt/users/scratch/leo/scratch/era5/odbs/1/era5.conv.??????.41749.txt.gz_good_0.9999481845954875_bad_5.181540451248967e-05
/mnt/users/scratch/leo/scratch/era5/odbs/1/era5.conv.??????.41780.txt.gz_good_0.9999925676897654_bad_7.4323102345896785e-06
/mnt/users/scratch/leo/scratch/era5/odbs/1/era5.conv.??????.41915.txt.gz_good_0.9998717636347315_bad_0.00012823636526848592
/mnt/users/scratch/leo/scratch/era5/odbs/1/era5.conv.??????.42867.txt.gz_good_0.9999972214829995_bad_2.7785170004790416e-06
/mnt/users/scratch/leo/scratch/era5/odbs/1/era5.conv.??????.41859.txt.gz_good_0.9997669911138883_bad_0.00023300888611166304
/mnt/users/scratch/leo/scratch/era5/odbs/1/era5.conv.??????.41114.txt.gz_good_0.9999190757342191_bad_8.092426578087952e-05
/mnt/users/scratch/leo/scratch/era5/odbs/1/era5.conv.??????.42492.txt.gz_good_0.9999597516445154_bad_4.024835548455119e-05
/mnt/users/scratch/leo/scratch/era5/odbs/1/era5.conv.??????.08001.txt.gz_good_0.9990342014161239_bad_0.0009657985838761318
/mnt/users/scratch/leo/scratch/era5/odbs/1/era5.conv.??????.17064.txt.gz_good_0.9971576874530419_bad_0.0028423125469581034
/mnt/users/scratch/leo/scratch/era5/odbs/1/era5.conv.??????.88889.txt.gz_good_0.9997618166858879_bad_0.0002381833141120726
/mnt/users/scratch/leo/scratch/era5/odbs/1/era5.conv.??????.40186.txt.gz_good_0.9994767984552334_bad_0.0005232015447665939
/mnt/users/scratch/leo/scratch/era5/odbs/1/era5.conv.??????.47104.txt.gz_good_0.9999973034835042_bad_2.6965164957593046e-06
/mnt/users/scratch/leo/scratch/era5/odbs/1/era5.conv.??????.01400.txt.gz_good_0.9999312979748695_bad_6.870202513054036e-05
/mnt/users/scratch/leo/scratch/era5/odbs/1/era5.conv.??????.40582.txt.gz_good_0.999990685153532_bad_9.314846468044813e-06
/mnt/users/scratch/leo/scratch/era5/odbs/1/era5.conv.??????.63478.txt.gz_good_0.9949298879431756_bad_0.005070112056824394
/mnt/users/scratch/leo/scratch/era5/odbs/1/era5.conv.??????.71603.txt.gz_good_0.9977821255456715_bad_0.002217874454328528
/mnt/users/scratch/leo/scratch/era5/odbs/1/era5.conv.??????.68588.txt.gz_good_0.9999548638070709_bad_4.51361929291183e-05
/mnt/users/scratch/leo/scratch/era5/odbs/1/era5.conv.??????.68842.txt.gz_good_0.9914979973329647_bad_0.008502002667035269
/mnt/users/scratch/leo/scratch/era5/odbs/1/era5.conv.??????.91948.txt.gz_good_0.9941781097399401_bad_0.005821890260059859
/mnt/users/scratch/leo/scratch/era5/odbs/1/era5.conv.??????.73033.txt.gz_good_0.9995963094017761_bad_0.00040369059822387143
/mnt/users/scratch/leo/scratch/era5/odbs/1/era5.conv.??????.72230.txt.gz_good_0.9986650824863876_bad_0.0013349175136123659
/mnt/users/scratch/leo/scratch/era5/odbs/1/era5.conv.??????.94302.txt.gz_good_0.9991056847907103_bad_0.0008943152092897311
/mnt/users/scratch/leo/scratch/era5/odbs/1/era5.conv.??????.94312.txt.gz_good_0.9926908175143769_bad_0.007309182485623067
/mnt/users/scratch/leo/scratch/era5/odbs/2/era5.conv._97072.gz_good_0.9949660647649577_bad_0.005033935235042253
/mnt/users/scratch/leo/scratch/era5/odbs/2/era5.conv._10202.gz_good_0.9998533267538823_bad_0.00014667324611772337
/mnt/users/scratch/leo/scratch/era5/odbs/2/era5.conv._61696.gz_good_0.9976717112922002_bad_0.002328288707799775
/mnt/users/scratch/leo/scratch/era5/odbs/2/era5.conv._10384.gz_good_0.9999607661926642_bad_3.92338073358367e-05
/mnt/users/scratch/leo/scratch/era5/odbs/2/era5.conv._10035.gz_good_0.9997052869617684_bad_0.00029471303823158657
/mnt/users/scratch/leo/scratch/era5/odbs/2/era5.conv._94791.gz_good_0.9974311628255421_bad_0.002568837174457883
/mnt/users/scratch/leo/scratch/era5/odbs/2/era5.conv._26406.gz_good_0.9966131067858846_bad_0.0033868932141154495
/mnt/users/scratch/leo/scratch/era5/odbs/2/era5.conv._10866.gz_good_0.9999043926543367_bad_9.560734566327334e-05
/mnt/users/scratch/leo/scratch/era5/odbs/2/era5.conv._11004.gz_good_0.998543453633274_bad_0.001456546366725986
/mnt/users/scratch/leo/scratch/era5/odbs/2/era5.conv._96163.gz_good_0.9963281205053318_bad_0.0036718794946681843
/mnt/users/scratch/leo/scratch/era5/odbs/2/era5.conv._96179.gz_good_0.9932177844762623_bad_0.0067822155237377
/mnt/users/scratch/leo/scratch/era5/odbs/1/era5.conv.??????.93112.txt.gz_good_0.9996517916813139_bad_0.00034820831868609403
/mnt/users/scratch/leo/scratch/era5/odbs/2/era5.conv._27947.gz_good_0.9999147350220059_bad_8.526497799410393e-05
/mnt/users/scratch/leo/scratch/era5/odbs/2/era5.conv._94240.gz_good_0.9978219951298365_bad_0.002178004870163508
/mnt/users/scratch/leo/scratch/era5/odbs/1/era5.conv.??????.97460.txt.gz_good_0.9965945380099911_bad_0.0034054619900089067
/mnt/users/scratch/leo/scratch/era5/odbs/1/era5.conv.??????.96535.txt.gz_good_0.9998217429087101_bad_0.00017825709128993505
/mnt/users/scratch/leo/scratch/era5/odbs/2/era5.conv._1:61696.gz_good_0.9987298899237934_bad_0.0012701100762065876
/mnt/users/scratch/leo/scratch/era5/odbs/2/era5.conv._1:61696.gz_good_0.9987298899237934_bad_0.0012701100762065876
/mnt/users/scratch/leo/scratch/era5/odbs/2/era5.conv._3:C7C.gz_good_0.9960885378386648_bad_0.0039114621613352
/mnt/users/scratch/leo/scratch/era5/odbs/2/era5.conv._3:C7H.gz_good_0.9951679372987845_bad_0.0048320627012155
/mnt/users/scratch/leo/scratch/era5/odbs/2/era5.conv._3:C7T.gz_good_0.9990563564875492_bad_0.000943643512450798
/mnt/users/scratch/leo/scratch/era5/odbs/2/era5.conv._6:10001.gz_good_0.9987338337704621_bad_0.0012661662295379017
/mnt/users/scratch/leo/scratch/era5/odbs/2/era5.conv._3:4YB.gz_good_0.9917451058469278_bad_0.008254894153072234
/mnt/users/scratch/leo/scratch/era5/odbs/2/era5.conv._3:4YC.gz_good_0.9983269690195439_bad_0.001673030980456125
/mnt/users/scratch/leo/scratch/era5/odbs/2/era5.conv._3:4YD.gz_good_0.9983697337527134_bad_0.0016302662472865714
/mnt/users/scratch/leo/scratch/era5/odbs/2/era5.conv._3:4YE.gz_good_0.9983906059408273_bad_0.0016093940591727085
/mnt/users/scratch/leo/scratch/era5/odbs/2/era5.conv._3:4YH.gz_good_0.9973278425521914_bad_0.0026721574478085763
/mnt/users/scratch/leo/scratch/era5/odbs/2/era5.conv._3:4YN.gz_good_0.9958575630884797_bad_0.004142436911520275
/mnt/users/scratch/leo/scratch/era5/odbs/2/era5.conv._3:4YP.gz_good_0.9972560812100183_bad_0.002743918789981703
/mnt/users/scratch/leo/scratch/era5/odbs/2/era5.conv._3:4YT.gz_good_0.9994600927010645_bad_0.0005399072989354936
/mnt/users/scratch/leo/scratch/era5/odbs/2/era5.conv._3:4YV.gz_good_0.9940926035651032_bad_0.0059073964348967944
/mnt/users/scratch/leo/scratch/era5/odbs/2/era5.conv._2:11807.gz_good_0.999857244124255_bad_0.00014275587574497095
/mnt/users/scratch/leo/scratch/era5/odbs/2/era5.conv._6:1447.gz_good_0.9915254237288136_bad_0.008474576271186418
/mnt/users/scratch/leo/scratch/era5/odbs/2/era5.conv._3:0J0B.gz_good_0.9962493710835658_bad_0.0037506289164341844
/mnt/users/scratch/leo/scratch/era5/odbs/2/era5.conv._3:0J0C.gz_good_0.9937574277467971_bad_0.006242572253202905
/mnt/users/scratch/leo/scratch/era5/odbs/2/era5.conv._3:0J0D.gz_good_0.9939581425476313_bad_0.006041857452368737
/mnt/users/scratch/leo/scratch/era5/odbs/2/era5.conv._3:0J0E.gz_good_0.9992166541474408_bad_0.0007833458525592363
/mnt/users/scratch/leo/scratch/era5/odbs/2/era5.conv._3:0J0K.gz_good_0.9906119711944955_bad_0.00938802880550449
/mnt/users/scratch/leo/scratch/era5/odbs/2/era5.conv._3:0J0M.gz_good_0.9961436629446299_bad_0.0038563370553701404
/mnt/users/scratch/leo/scratch/era5/odbs/2/era5.conv._3:0J0N.gz_good_0.9973693627474685_bad_0.0026306372525315425
/mnt/users/scratch/leo/scratch/era5/odbs/2/era5.conv._3:0J0P.gz_good_0.9937032842582106_bad_0.0062967157417893604
/mnt/users/scratch/leo/scratch/era5/odbs/2/era5.conv._3:0J0V.gz_good_0.999054689020491_bad_0.0009453109795090064
/mnt/users/scratch/leo/scratch/era5/odbs/2/era5.conv._6:1476.gz_good_0.99_bad_0.010000000000000009
/mnt/users/scratch/leo/scratch/era5/odbs/2/era5.conv._6:1484.gz_good_0.9911504424778761_bad_0.008849557522123908
/mnt/users/scratch/leo/scratch/era5/odbs/2/era5.conv._2:25302.gz_good_0.9988434179393689_bad_0.0011565820606310728
/mnt/users/scratch/leo/scratch/era5/odbs/2/era5.conv._2:14717.gz_good_0.9931276980716394_bad_0.006872301928360636
/mnt/users/scratch/leo/scratch/era5/odbs/2/era5.conv._2:14804.gz_good_0.9918948527264522_bad_0.00810514727354783
/mnt/users/scratch/leo/scratch/era5/odbs/2/era5.conv._2:45702.gz_good_0.9948337376564995_bad_0.005166262343500483
/mnt/users/scratch/leo/scratch/era5/odbs/2/era5.conv._2:24101.gz_good_0.9965258191887596_bad_0.0034741808112404016
/mnt/users/scratch/leo/scratch/era5/odbs/2/era5.conv._2:13922.gz_good_0.9955108009025736_bad_0.0044891990974263996
/mnt/users/scratch/leo/scratch/era5/odbs/2/era5.conv._1:89022.gz_good_0.9951161664713601_bad_0.004883833528639858
/mnt/users/scratch/leo/scratch/era5/odbs/1_mobile//era5.conv.??????._PSKAV.txt.gz_good_0.9963816671133744_bad_0.003618332886625608
/mnt/users/scratch/leo/scratch/era5/odbs/1_mobile//era5.conv.??????._PSNAU.txt.gz_good_0.9985682547519131_bad_0.0014317452480868686
/mnt/users/scratch/leo/scratch/era5/odbs/1_mobile//era5.conv.??????._XP3.txt.gz_good_0.9967105263157895_bad_0.003289473684210509
/mnt/users/scratch/leo/scratch/era5/odbs/1_mobile//era5.conv.??????._DRG.txt.gz_good_0.9973038064799528_bad_0.002696193520047241
